SF:lib\features\auth\screens\login_screen.dart
DA:6,1
DA:8,1
DA:9,1
DA:18,1
DA:20,1
DA:21,2
DA:22,2
DA:25,1
DA:27,2
DA:28,2
DA:29,1
DA:32,0
DA:33,0
DA:34,0
DA:35,0
DA:39,0
DA:40,0
DA:41,0
DA:42,0
DA:44,0
DA:49,1
DA:51,1
DA:52,1
DA:55,1
DA:57,1
DA:59,1
DA:60,1
DA:63,2
DA:66,1
DA:67,1
DA:68,1
DA:71,1
DA:72,1
DA:79,1
DA:80,1
DA:81,1
DA:84,1
DA:85,1
DA:91,1
DA:93,0
DA:95,0
DA:96,0
DA:97,0
DA:99,0
DA:100,0
DA:101,0
DA:102,0
DA:107,1
DA:108,1
DA:110,1
DA:111,2
DA:112,1
DA:125,1
DA:126,1
DA:128,1
DA:130,1
DA:131,0
DA:132,1
DA:134,1
DA:135,2
LF:60
LH:42
end_of_record
SF:lib\config\theme.dart
DA:14,6
DA:16,2
DA:38,2
DA:39,2
DA:43,2
DA:44,2
DA:48,2
DA:49,2
DA:53,2
DA:54,2
DA:112,0
DA:114,0
DA:118,0
DA:122,0
DA:123,0
DA:127,0
DA:128,0
LF:17
LH:10
end_of_record
SF:lib\features\colonies\screens\colonies_list_screen.dart
DA:6,1
DA:8,1
DA:9,1
DA:15,1
DA:17,1
DA:18,2
DA:21,1
DA:23,2
DA:24,1
DA:27,1
DA:30,1
DA:32,1
DA:33,1
DA:37,1
DA:38,1
DA:39,1
DA:41,1
DA:42,1
DA:43,1
DA:46,1
DA:47,1
DA:52,1
DA:53,1
DA:54,1
DA:55,1
DA:57,1
DA:58,1
DA:61,1
DA:64,1
DA:66,3
DA:69,1
DA:71,3
DA:76,0
DA:77,0
DA:78,0
DA:79,0
DA:80,0
DA:83,0
DA:84,0
DA:92,1
DA:93,0
DA:95,0
LF:42
LH:33
end_of_record
SF:lib\models\cat.dart
DA:24,1
DA:43,1
DA:61,1
DA:62,1
DA:63,1
DA:64,1
DA:65,1
DA:66,1
DA:67,1
DA:68,1
DA:69,1
DA:70,0
DA:71,0
DA:72,1
DA:73,1
DA:74,1
DA:75,1
DA:76,1
DA:77,1
DA:81,1
DA:84,1
DA:85,3
DA:86,3
DA:87,3
DA:88,3
DA:89,3
DA:90,3
DA:91,3
DA:92,3
DA:93,3
DA:94,3
DA:95,3
DA:96,3
DA:97,3
DA:98,3
DA:99,3
DA:100,3
DA:101,3
DA:103,0
DA:105,0
DA:106,0
DA:107,0
DA:108,0
DA:109,0
DA:110,0
DA:111,0
DA:112,0
DA:113,0
DA:114,0
DA:115,0
DA:116,0
DA:117,0
DA:118,0
DA:119,0
DA:120,0
LF:55
LH:36
end_of_record
SF:lib\models\colony.dart
DA:21,1
DA:37,1
DA:52,1
DA:53,1
DA:54,1
DA:55,1
DA:56,0
DA:57,1
DA:58,1
DA:59,1
DA:60,1
DA:61,1
DA:62,1
DA:63,1
DA:64,1
DA:65,0
DA:69,1
DA:72,1
DA:73,3
DA:74,3
DA:75,3
DA:76,3
DA:77,3
DA:78,3
DA:79,3
DA:80,3
DA:81,3
DA:82,3
DA:83,3
DA:84,3
DA:85,3
DA:86,3
DA:88,0
DA:90,0
DA:91,0
DA:92,0
DA:93,0
DA:94,0
DA:95,0
DA:96,0
DA:97,0
DA:98,0
DA:99,0
DA:100,0
DA:101,0
DA:102,0
LF:46
LH:30
end_of_record
SF:lib\models\health_record.dart
DA:20,1
DA:35,1
DA:49,1
DA:50,1
DA:51,1
DA:52,1
DA:53,1
DA:54,1
DA:55,1
DA:56,0
DA:57,1
DA:58,1
DA:59,1
DA:60,1
DA:61,0
DA:65,1
DA:68,1
DA:69,3
DA:70,3
DA:71,3
DA:72,3
DA:73,3
DA:74,3
DA:75,3
DA:76,3
DA:77,3
DA:78,3
DA:79,3
DA:80,3
DA:81,3
DA:83,0
DA:85,0
DA:86,0
DA:87,0
DA:88,0
DA:89,0
DA:90,0
DA:91,0
DA:92,0
DA:93,0
DA:94,0
DA:95,0
DA:96,0
LF:43
LH:28
end_of_record
SF:lib\models\user.dart
DA:16,1
DA:27,1
DA:37,1
DA:38,1
DA:39,1
DA:40,0
DA:41,1
DA:42,1
DA:43,1
DA:44,1
DA:45,0
DA:49,1
DA:52,1
DA:53,3
DA:54,3
DA:55,3
DA:56,3
DA:57,3
DA:58,3
DA:59,3
DA:60,3
DA:61,3
DA:63,0
DA:65,0
DA:66,0
DA:67,0
DA:68,0
DA:69,0
DA:70,0
DA:71,0
DA:72,0
LF:31
LH:20
end_of_record
